Build started 23-08-2015 17:00:16.
     1>Project "C:\Users\Marcus\Documents\GitHub\OpenGL-Projects\3DWorld\3DWorld\3DWorld.vcxproj" on node 2 (Build target(s)).
     1>ClCompile:
         C:\Program Files (x86)\Microsoft Visual Studio 14.0\VC\bin\CL.exe /c /I"C:\Users\Marcus\Documents\GitHub\OpenGL-Projects\3DWorld\packages\glfw.3.0.4.3\build\native\../..//build/native/include/" /I"C:\Users\Marcus\Documents\GitHub\OpenGL-Projects\3DWorld\packages\glew.1.9.0.1\build\native\../..//build/native/include/" /ZI /nologo /W3 /WX- /Od /Oy- /D GLFW_DLL /D HAS_GLEW /D WIN32 /D _DEBUG /D _CONSOLE /D _UNICODE /D UNICODE /Gm /EHsc /RTC1 /MDd /GS /fp:precise /Zc:wchar_t /Zc:forScope /Zc:inline /Fo"Debug\\" /Fd"Debug\vc140.pdb" /Gd /TP /analyze- /errorReport:prompt main.cpp
         main.cpp
       Link:
         C:\Program Files (x86)\Microsoft Visual Studio 14.0\VC\bin\link.exe /ERRORREPORT:PROMPT /OUT:"C:\Users\Marcus\Documents\GitHub\OpenGL-Projects\3DWorld\Debug\3DWorld.exe" /INCREMENTAL /NOLOGO kernel32.lib user32.lib gdi32.lib winspool.lib comdlg32.lib advapi32.lib shell32.lib ole32.lib oleaut32.lib uuid.lib odbc32.lib odbccp32.lib /MANIFEST /MANIFESTUAC:"level='asInvoker' uiAccess='false'" /manifest:embed /Debug /PDB:"C:\Users\Marcus\Documents\GitHub\OpenGL-Projects\3DWorld\Debug\3DWorld.pdb" /SUBSYSTEM:CONSOLE /TLBID:1 /DYNAMICBASE /NXCOMPAT /IMPLIB:"C:\Users\Marcus\Documents\GitHub\OpenGL-Projects\3DWorld\Debug\3DWorld.lib" /MACHINE:X86 Debug\main.obj
     1>main.obj : error LNK2019: unresolved external symbol __imp__glDepthFunc@4 referenced in function _main
     1>main.obj : error LNK2019: unresolved external symbol __imp__glEnable@4 referenced in function _main
     1>main.obj : error LNK2019: unresolved external symbol __imp__glGetString@4 referenced in function _main
     1>main.obj : error LNK2019: unresolved external symbol __imp__glewInit@0 referenced in function _main
     1>main.obj : error LNK2019: unresolved external symbol __imp__glfwInit referenced in function _main
     1>main.obj : error LNK2019: unresolved external symbol __imp__glfwTerminate referenced in function _main
     1>main.obj : error LNK2019: unresolved external symbol __imp__glfwCreateWindow referenced in function _main
     1>main.obj : error LNK2019: unresolved external symbol __imp__glfwMakeContextCurrent referenced in function _main
     1>main.obj : error LNK2001: unresolved external symbol __imp__glewExperimental
     1>C:\Users\Marcus\Documents\GitHub\OpenGL-Projects\3DWorld\Debug\3DWorld.exe : fatal error LNK1120: 9 unresolved externals
     1>Done Building Project "C:\Users\Marcus\Documents\GitHub\OpenGL-Projects\3DWorld\3DWorld\3DWorld.vcxproj" (Build target(s)) -- FAILED.

Build FAILED.

Time Elapsed 00:00:01.51
